<?xml version="1.0" encoding="UTF-8"?>
<!-- Generated by org.testng.reporters.JUnitReportReporter -->
<testsuite hostname="AmbujKumarSonker" failures="0" tests="1" name="com.qa.coindesk.tests.BitcoinPriceAPITest" time="3.427" errors="0" timestamp="2025-01-30T12:58:46 IST" skipped="0">
  <testcase classname="com.qa.coindesk.tests.BitcoinPriceAPITest" name="validateBitcoinPriceAPI" time="3.427"/>
</testsuite> <!-- com.qa.coindesk.tests.BitcoinPriceAPITest -->
